  [1m[35m (0.1ms)[0m  [1m[34mSELECT sqlite_version(*)[0m
  [1m[35m (1.5ms)[0m  [1m[35mCREATE TABLE "schema_migrations" ("version" varchar NOT NULL PRIMARY KEY)[0m
  [1m[35m (1.5ms)[0m  [1m[35mCREATE TABLE "ar_internal_metadata" ("key" varchar NOT NULL PRIMARY KEY, "value" varchar, "created_at" datetime NOT NULL, "updated_at" datetime NOT NULL)[0m
  [1m[35m (0.2ms)[0m  [1m[34mSELECT "schema_migrations"."version" FROM "schema_migrations" ORDER BY "schema_migrations"."version" ASC[0m
Migrating to CreateProducts (20180130103628)
  [1m[35m (0.1ms)[0m  [1m[36mbegin transaction[0m
  [1m[35m (0.4ms)[0m  [1m[35mCREATE TABLE "products" ("id" INTEGER PRIMARY KEY AUTOINCREMENT NOT NULL, "name" varchar, "price" decimal, "created_at" datetime NOT NULL, "updated_at" datetime NOT NULL)[0m
  [1m[35mSQL (0.2ms)[0m  [1m[32mINSERT INTO "schema_migrations" ("version") VALUES (?)[0m  [["version", "20180130103628"]]
  [1m[35m (1.6ms)[0m  [1m[36mcommit transaction[0m
  [1m[36mActiveRecord::InternalMetadata Load (0.2ms)[0m  [1m[34mSELECT  "ar_internal_metadata".* FROM "ar_internal_metadata" WHERE "ar_internal_metadata"."key" = ? LIMIT ?[0m  [["key", "environment"], ["LIMIT", 1]]
  [1m[35m (0.1ms)[0m  [1m[36mbegin transaction[0m
  [1m[35mSQL (0.3ms)[0m  [1m[32mINSERT INTO "ar_internal_metadata" ("key", "value", "created_at", "updated_at") VALUES (?, ?, ?, ?)[0m  [["key", "environment"], ["value", "development"], ["created_at", "2018-01-30 10:36:50.608130"], ["updated_at", "2018-01-30 10:36:50.608130"]]
  [1m[35m (1.1ms)[0m  [1m[36mcommit transaction[0m
  [1m[35m (0.1ms)[0m  [1m[34mSELECT "schema_migrations"."version" FROM "schema_migrations" ORDER BY "schema_migrations"."version" ASC[0m
Started GET "/" for 127.0.0.1 at 2018-01-30 16:09:01 +0530
  [1m[35m (0.2ms)[0m  [1m[34mSELECT "schema_migrations"."version" FROM "schema_migrations" ORDER BY "schema_migrations"."version" ASC[0m
Processing by Rails::WelcomeController#index as HTML
  Rendering /Users/admin/.rvm/gems/ruby-2.4.1-full@global/gems/railties-5.1.4/lib/rails/templates/rails/welcome/index.html.erb
  Rendered /Users/admin/.rvm/gems/ruby-2.4.1-full@global/gems/railties-5.1.4/lib/rails/templates/rails/welcome/index.html.erb (4.1ms)
Completed 200 OK in 49ms (Views: 34.7ms | ActiveRecord: 0.0ms)


Started GET "/products" for 127.0.0.1 at 2018-01-30 16:09:18 +0530
Processing by ProductsController#index as HTML
  Rendering products/index.html.erb within layouts/application
  [1m[36mProduct Load (0.2ms)[0m  [1m[34mSELECT "products".* FROM "products"[0m
  Rendered products/index.html.erb within layouts/application (4.5ms)
Completed 200 OK in 587ms (Views: 578.1ms | ActiveRecord: 1.1ms)


Started GET "/products/new" for 127.0.0.1 at 2018-01-30 16:09:22 +0530
Processing by ProductsController#new as HTML
  Rendering products/new.html.erb within layouts/application
  Rendered products/_form.html.erb (75.7ms)
  Rendered products/new.html.erb within layouts/application (79.2ms)
Completed 200 OK in 115ms (Views: 102.7ms | ActiveRecord: 0.6ms)


Started POST "/products" for 127.0.0.1 at 2018-01-30 16:09:30 +0530
Processing by ProductsController#create as HTML
  Parameters: {"utf8"=>"✓", "authenticity_token"=>"ZMDKg+jZM/S9U7S2l1bhPO14tRJRPup89OX+Uur82TJmA2fob7tglCRwY4ilGL6Z5pyrEi0TN99xxvStITXbdw==", "product"=>{"name"=>"aaa", "price"=>"23"}, "commit"=>"Create Product"}
  [1m[35m (0.1ms)[0m  [1m[36mbegin transaction[0m
  [1m[35mSQL (0.8ms)[0m  [1m[32mINSERT INTO "products" ("name", "price", "created_at", "updated_at") VALUES (?, ?, ?, ?)[0m  [["name", "aaa"], ["price", 23.0], ["created_at", "2018-01-30 10:39:30.362188"], ["updated_at", "2018-01-30 10:39:30.362188"]]
  [1m[35m (1.5ms)[0m  [1m[36mcommit transaction[0m
Redirected to http://localhost:3000/products/1
Completed 302 Found in 26ms (ActiveRecord: 2.4ms)


Started GET "/products/1" for 127.0.0.1 at 2018-01-30 16:09:30 +0530
Processing by ProductsController#show as HTML
  Parameters: {"id"=>"1"}
  [1m[36mProduct Load (0.3ms)[0m  [1m[34mSELECT  "products".* FROM "products" WHERE "products"."id" = ? LIMIT ?[0m  [["id", 1], ["LIMIT", 1]]
  Rendering products/show.html.erb within layouts/application
  Rendered products/show.html.erb within layouts/application (1.3ms)
Completed 200 OK in 58ms (Views: 24.1ms | ActiveRecord: 0.3ms)


Started GET "/products" for 127.0.0.1 at 2018-01-30 16:09:32 +0530
Processing by ProductsController#index as HTML
  Rendering products/index.html.erb within layouts/application
  [1m[36mProduct Load (0.2ms)[0m  [1m[34mSELECT "products".* FROM "products"[0m
  Rendered products/index.html.erb within layouts/application (3.1ms)
Completed 200 OK in 45ms (Views: 41.9ms | ActiveRecord: 0.2ms)


Started GET "/products/new" for 127.0.0.1 at 2018-01-30 16:09:39 +0530
Processing by ProductsController#new as HTML
  Rendering products/new.html.erb within layouts/application
  Rendered products/_form.html.erb (4.6ms)
  Rendered products/new.html.erb within layouts/application (7.1ms)
Completed 200 OK in 44ms (Views: 41.9ms | ActiveRecord: 0.0ms)


Started POST "/products" for 127.0.0.1 at 2018-01-30 16:09:47 +0530
Processing by ProductsController#create as HTML
  Parameters: {"utf8"=>"✓", "authenticity_token"=>"o9tx4S8a1JpC88ORz1/lgtKeuNFLZu62tbIh7NUNlAihGNyKqHiH+tvQFK/9Ebon2Xqm0TdLMxUwkSsTHsSWTQ==", "product"=>{"name"=>"b", "price"=>"11"}, "commit"=>"Create Product"}
  [1m[35m (0.1ms)[0m  [1m[36mbegin transaction[0m
  [1m[35mSQL (0.4ms)[0m  [1m[32mINSERT INTO "products" ("name", "price", "created_at", "updated_at") VALUES (?, ?, ?, ?)[0m  [["name", "b"], ["price", 11.0], ["created_at", "2018-01-30 10:39:48.003389"], ["updated_at", "2018-01-30 10:39:48.003389"]]
  [1m[35m (1.4ms)[0m  [1m[36mcommit transaction[0m
Redirected to http://localhost:3000/products/2
Completed 302 Found in 6ms (ActiveRecord: 1.9ms)


Started GET "/products/2" for 127.0.0.1 at 2018-01-30 16:09:48 +0530
Processing by ProductsController#show as HTML
  Parameters: {"id"=>"2"}
  [1m[36mProduct Load (0.2ms)[0m  [1m[34mSELECT  "products".* FROM "products" WHERE "products"."id" = ? LIMIT ?[0m  [["id", 2], ["LIMIT", 1]]
  Rendering products/show.html.erb within layouts/application
  Rendered products/show.html.erb within layouts/application (1.5ms)
Completed 200 OK in 32ms (Views: 28.8ms | ActiveRecord: 0.2ms)


Started GET "/products" for 127.0.0.1 at 2018-01-30 16:09:52 +0530
Processing by ProductsController#index as HTML
  Rendering products/index.html.erb within layouts/application
  [1m[36mProduct Load (0.2ms)[0m  [1m[34mSELECT "products".* FROM "products"[0m
  Rendered products/index.html.erb within layouts/application (3.0ms)
Completed 200 OK in 51ms (Views: 47.9ms | ActiveRecord: 0.2ms)


